  D3DResourceLeakChecker.cpp
  DirectXBase.cpp
  imgui.cpp
  imgui_demo.cpp
  imgui_draw.cpp
  imgui_impl_dx12.cpp
  imgui_impl_win32.cpp
  imgui_tables.cpp
  imgui_widgets.cpp
  Input.cpp
  Logger.cpp
  main.cpp
  Math.cpp
  Model.cpp
  ModelBase.cpp
  ModelManager.cpp
  Object3d.cpp
  Object3dBase.cpp
  Sprite.cpp
  SpriteBase.cpp
  StringUtility.cpp
  TextureManager.cpp
  WindowsAPI.cpp
  CG2 directX.vcxproj -> C:\Users\k023g\source\repos\CG2 directX\x64\Debug\CG2 directX.exe
          1 個のファイルをコピーしました。
          1 個のファイルをコピーしました。
