c:\users\k023g\source\repos\cg2 directx\cg2 directx\x64\release\math.obj
c:\users\k023g\source\repos\cg2 directx\cg2 directx\x64\release\imgui_widgets.obj
c:\users\k023g\source\repos\cg2 directx\cg2 directx\x64\release\imgui_draw.obj
c:\users\k023g\source\repos\cg2 directx\cg2 directx\x64\release\imgui_impl_win32.obj
c:\users\k023g\source\repos\cg2 directx\cg2 directx\x64\release\main.obj
c:\users\k023g\source\repos\cg2 directx\cg2 directx\x64\release\imgui_impl_dx12.obj
c:\users\k023g\source\repos\cg2 directx\cg2 directx\x64\release\imgui_demo.obj
c:\users\k023g\source\repos\cg2 directx\cg2 directx\x64\release\imgui_tables.obj
c:\users\k023g\source\repos\cg2 directx\cg2 directx\x64\release\imgui.obj
c:\users\k023g\source\repos\cg2 directx\cg2 directx\x64\release\vc143.pdb
c:\users\k023g\source\repos\cg2 directx\x64\release\cg2 directx.exe
c:\users\k023g\source\repos\cg2 directx\x64\release\cg2 directx.pdb
c:\users\k023g\source\repos\cg2 directx\cg2 directx\x64\release\cg2 directx.ipdb
c:\users\k023g\source\repos\cg2 directx\cg2 directx\x64\release\cg2 directx.iobj
c:\users\k023g\source\repos\cg2 directx\cg2 directx\x64\release\cg2 directx.tlog\cl.command.1.tlog
c:\users\k023g\source\repos\cg2 directx\cg2 directx\x64\release\cg2 directx.tlog\cl.items.tlog
c:\users\k023g\source\repos\cg2 directx\cg2 directx\x64\release\cg2 directx.tlog\cl.read.1.tlog
c:\users\k023g\source\repos\cg2 directx\cg2 directx\x64\release\cg2 directx.tlog\cl.write.1.tlog
c:\users\k023g\source\repos\cg2 directx\cg2 directx\x64\release\cg2 directx.tlog\link.command.1.tlog
c:\users\k023g\source\repos\cg2 directx\cg2 directx\x64\release\cg2 directx.tlog\link.read.1.tlog
c:\users\k023g\source\repos\cg2 directx\cg2 directx\x64\release\cg2 directx.tlog\link.secondary.1.tlog
c:\users\k023g\source\repos\cg2 directx\cg2 directx\x64\release\cg2 directx.tlog\link.write.1.tlog
